[19:28:14] [main/INFO]: Loading Minecraft 1.21.1 with Fabric Loader 0.16.3
[19:28:15] [main/INFO]: Loading 4 mods:
	- fabricloader 0.16.3
	   \-- mixinextras 0.4.1
	- java 21
	- minecraft 1.21.1
[19:28:15] [main/INFO]: SpongePowered MIXIN Subsystem Version=0.8.7 Source=file:/workspaces/aaaaaaaa/servidor_minecraft/libraries/net/fabricmc/sponge-mixin/0.15.2+mixin.0.8.7/sponge-mixin-0.15.2+mixin.0.8.7.jar Service=Knot/Fabric Env=SERVER
[19:28:22] [main/INFO]: Environment: Environment[sessionHost=https://sessionserver.mojang.com, servicesHost=https://api.minecraftservices.com, name=PROD]
[19:28:25] [main/INFO]: Loaded 1290 recipes
[19:28:25] [main/INFO]: Loaded 1399 advancements
[19:28:26] [Server thread/INFO]: Starting minecraft server version 1.21.1
[19:28:26] [Server thread/INFO]: Loading properties
[19:28:26] [Server thread/INFO]: Default game type: SURVIVAL
[19:28:26] [Server thread/INFO]: Generating keypair
[19:28:26] [Server thread/INFO]: Starting Minecraft server on *:25565
[19:28:26] [Server thread/INFO]: Using epoll channel type
[19:28:26] [Server thread/WARN]: **** SERVER IS RUNNING IN OFFLINE/INSECURE MODE!
[19:28:26] [Server thread/WARN]: The server will make no attempt to authenticate usernames. Beware.
[19:28:26] [Server thread/WARN]: While this makes the game possible to play without internet access, it also opens up the ability for hackers to connect with any username they choose.
[19:28:26] [Server thread/WARN]: To change this, set "online-mode" to "true" in the server.properties file.
[19:28:26] [Server thread/INFO]: Preparing level "world"
[19:28:31] [Server thread/INFO]: Preparing start region for dimension minecraft:overworld
[19:28:32] [Worker-Main-2/INFO]: Preparing spawn area: 0%
[19:28:32] [Worker-Main-2/INFO]: Preparing spawn area: 0%
[19:28:32] [Worker-Main-1/INFO]: Preparing spawn area: 24%
[19:28:33] [Worker-Main-3/INFO]: Preparing spawn area: 26%
[19:28:33] [Server thread/INFO]: Time elapsed: 1806 ms
[19:28:33] [Server thread/INFO]: Done (6.658s)! For help, type "help"
[19:28:33] [Server thread/INFO]: DaVIcHoz21 (/172.30.41.140:52432) lost connection: Disconnected
[19:28:43] [Server thread/INFO]: DaVIcHoz21[/172.30.41.140:52450] logged in with entity id 11 at (-464.5, 67.0, -535.5)
[19:28:43] [Server thread/INFO]: DaVIcHoz21 joined the game
[19:33:03] [Server thread/INFO]: troll_face300[/172.30.212.217:52086] logged in with entity id 1258 at (-471.24061930392935, 63.0, -536.0536557228)
[19:33:03] [Server thread/INFO]: troll_face300 joined the game
